0 info it worked if it ends with ok
1 verbose cli [ '/usr/local/Cellar/node@6/6.14.3/bin/node',
1 verbose cli   '/usr/local/opt/node@6/bin/npm',
1 verbose cli   'run',
1 verbose cli   'start' ]
2 info using npm@3.10.10
3 info using node@v6.14.3
4 verbose run-script [ 'prestart', 'start', 'poststart' ]
5 info lifecycle turing-project@1.0.0~prestart: turing-project@1.0.0
6 silly lifecycle turing-project@1.0.0~prestart: no script for prestart, continuing
7 info lifecycle turing-project@1.0.0~start: turing-project@1.0.0
8 verbose lifecycle turing-project@1.0.0~start: unsafe-perm in lifecycle true
9 verbose lifecycle turing-project@1.0.0~start: PATH: /usr/local/Cellar/node@6/6.14.3/lib/node_modules/npm/bin/node-gyp-bin:/Users/mohapapr/workspaces/turing-project/node_modules/.bin:/usr/local/Cellar/node@6/6.14.3/bin:/Users/mohapapr/Downloads/google-cloud-sdk/bin:/usr/local/opt/node@6/bin:/Users/mohapapr/.sdkman/candidates/springboot/current/bin:/Users/mohapapr/.sdkman/candidates/maven/current/bin:/Users/mohapapr/anaconda2/bin:/Users/mohapapr/bin:/usr/local/bin:/usr/local/Cellar/openresty/1.13.6.2/nginx/sbin:/usr/local/bin:/usr/bin:/bin:/usr/sbin:/sbin:/usr/local/git/bin:/Users/mohapapr/softwares/gradle-4.6/bin
10 verbose lifecycle turing-project@1.0.0~start: CWD: /Users/mohapapr/workspaces/turing-project
11 silly lifecycle turing-project@1.0.0~start: Args: [ '-c', 'ts-node -r tsconfig-paths/register src/main.ts' ]
12 silly lifecycle turing-project@1.0.0~start: Returned: code: 1  signal: null
13 info lifecycle turing-project@1.0.0~start: Failed to exec start script
14 verbose stack Error: turing-project@1.0.0 start: `ts-node -r tsconfig-paths/register src/main.ts`
14 verbose stack Exit status 1
14 verbose stack     at EventEmitter.<anonymous> (/usr/local/Cellar/node@6/6.14.3/lib/node_modules/npm/lib/utils/lifecycle.js:255:16)
14 verbose stack     at emitTwo (events.js:106:13)
14 verbose stack     at EventEmitter.emit (events.js:191:7)
14 verbose stack     at ChildProcess.<anonymous> (/usr/local/Cellar/node@6/6.14.3/lib/node_modules/npm/lib/utils/spawn.js:40:14)
14 verbose stack     at emitTwo (events.js:106:13)
14 verbose stack     at ChildProcess.emit (events.js:191:7)
14 verbose stack     at maybeClose (internal/child_process.js:920:16)
14 verbose stack     at Process.ChildProcess._handle.onexit (internal/child_process.js:230:5)
15 verbose pkgid turing-project@1.0.0
16 verbose cwd /Users/mohapapr/workspaces/turing-project
17 error Darwin 17.4.0
18 error argv "/usr/local/Cellar/node@6/6.14.3/bin/node" "/usr/local/opt/node@6/bin/npm" "run" "start"
19 error node v6.14.3
20 error npm  v3.10.10
21 error code ELIFECYCLE
22 error turing-project@1.0.0 start: `ts-node -r tsconfig-paths/register src/main.ts`
22 error Exit status 1
23 error Failed at the turing-project@1.0.0 start script 'ts-node -r tsconfig-paths/register src/main.ts'.
23 error Make sure you have the latest version of node.js and npm installed.
23 error If you do, this is most likely a problem with the turing-project package,
23 error not with npm itself.
23 error Tell the author that this fails on your system:
23 error     ts-node -r tsconfig-paths/register src/main.ts
23 error You can get information on how to open an issue for this project with:
23 error     npm bugs turing-project
23 error Or if that isn't available, you can get their info via:
23 error     npm owner ls turing-project
23 error There is likely additional logging output above.
24 verbose exit [ 1, true ]
